<?xml version="1.0" encoding="UTF-8"?>
<!-- Generated by org.testng.reporters.JUnitXMLReporter -->
<testsuite ignored="0" hostname="Princes-MacBook-Air.local" failures="0" tests="4" name="Default test" time="6.204" errors="0" timestamp="2024-09-29T16:51:43 IST">
  <testcase classname="api.test.Usertest" name="newusercreation" time="4.065"/>
  <testcase classname="api.test.Usertest" name="updateuser" time="0.722"/>
  <testcase classname="api.test.Usertest" name="deleteuser" time="0.6"/>
  <testcase classname="api.test.Usertest" name="getallUsers" time="0.28"/>
</testsuite> <!-- Default test -->
