<?xml version="1.0" encoding="UTF-8"?>
<!-- Generated by org.testng.reporters.JUnitXMLReporter -->
<testsuite ignored="3" hostname="Princes-MacBook-Air.local" failures="0" tests="1" name="Default test" time="3.754" errors="0" timestamp="2024-09-30T22:50:10 IST">
  <testcase classname="api.test.Usertest" name="getallUsers" time="3.278"/>
  <testcase classname="api.test.Usertest" name="deleteuser" time="0.0">
    <ignored/>
  </testcase> <!-- deleteuser -->
  <testcase classname="api.test.Usertest" name="newusercreation" time="0.0">
    <ignored/>
  </testcase> <!-- newusercreation -->
  <testcase classname="api.test.Usertest" name="updateuser" time="0.0">
    <ignored/>
  </testcase> <!-- updateuser -->
</testsuite> <!-- Default test -->
