<?xml version="1.0" encoding="UTF-8"?>
<!-- Generated by org.testng.reporters.JUnitXMLReporter -->
<testsuite ignored="0" hostname="Princes-MacBook-Air.local" failures="0" tests="3" name="Test" time="8.762" errors="0" timestamp="2024-09-29T16:33:11 IST">
  <testcase classname="api.test.Usertest" name="newusercreation" time="6.957"/>
  <testcase classname="api.test.Usertest" name="updateuser" time="0.674"/>
  <testcase classname="api.test.Usertest" name="getallUsers" time="0.283"/>
</testsuite> <!-- Test -->
