<?xml version="1.0" encoding="UTF-8"?>
<testng-results ignored="0" total="1" passed="1" failed="0" skipped="0">
  <reporter-output>
  </reporter-output>
  <suite started-at="2024-09-30T22:50:01 IST" name="Default suite" finished-at="2024-09-30T22:50:05 IST" duration-ms="3754">
    <groups>
    </groups>
    <test started-at="2024-09-30T22:50:01 IST" name="Default test" finished-at="2024-09-30T22:50:05 IST" duration-ms="3754">
      <class name="api.test.Usertest">
        <test-method is-config="true" signature="setupdata()[pri:0, instance:api.test.Usertest@2eae8e6e]" started-at="2024-09-30T22:50:01 IST" name="setupdata" finished-at="2024-09-30T22:50:02 IST" duration-ms="417" status="PASS">
          <reporter-output>
          </reporter-output>
        </test-method> <!-- setupdata -->
        <test-method signature="getallUsers()[pri:4, instance:api.test.Usertest@2eae8e6e]" started-at="2024-09-30T22:50:02 IST" name="getallUsers" finished-at="2024-09-30T22:50:05 IST" duration-ms="3278" status="PASS">
          <reporter-output>
          </reporter-output>
        </test-method> <!-- getallUsers -->
      </class> <!-- api.test.Usertest -->
    </test> <!-- Default test -->
  </suite> <!-- Default suite -->
</testng-results>
