<?xml version="1.0" encoding="UTF-8"?>
<testng-results ignored="0" total="4" passed="4" failed="0" skipped="0">
  <reporter-output>
  </reporter-output>
  <suite started-at="2024-09-29T16:51:32 IST" name="Default suite" finished-at="2024-09-29T16:51:38 IST" duration-ms="6204">
    <groups>
    </groups>
    <test started-at="2024-09-29T16:51:32 IST" name="Default test" finished-at="2024-09-29T16:51:38 IST" duration-ms="6204">
      <class name="api.test.Usertest">
        <test-method is-config="true" signature="setupdata()[pri:0, instance:api.test.Usertest@2eae8e6e]" started-at="2024-09-29T16:51:32 IST" name="setupdata" finished-at="2024-09-29T16:51:33 IST" duration-ms="427" status="PASS">
          <reporter-output>
          </reporter-output>
        </test-method> <!-- setupdata -->
        <test-method signature="newusercreation(org.testng.ITestContext)[pri:1, instance:api.test.Usertest@2eae8e6e]" started-at="2024-09-29T16:51:33 IST" name="newusercreation" finished-at="2024-09-29T16:51:37 IST" duration-ms="4065" status="PASS">
          <params>
            <param index="0">
              <value>
                <![CDATA[org.testng.TestRunner@5484117b]]>
              </value>
            </param>
          </params>
          <reporter-output>
          </reporter-output>
        </test-method> <!-- newusercreation -->
        <test-method signature="updateuser(org.testng.ITestContext)[pri:2, instance:api.test.Usertest@2eae8e6e]" started-at="2024-09-29T16:51:37 IST" name="updateuser" finished-at="2024-09-29T16:51:37 IST" duration-ms="722" status="PASS">
          <params>
            <param index="0">
              <value>
                <![CDATA[org.testng.TestRunner@5484117b]]>
              </value>
            </param>
          </params>
          <reporter-output>
          </reporter-output>
        </test-method> <!-- updateuser -->
        <test-method signature="deleteuser(org.testng.ITestContext)[pri:3, instance:api.test.Usertest@2eae8e6e]" started-at="2024-09-29T16:51:37 IST" name="deleteuser" finished-at="2024-09-29T16:51:38 IST" duration-ms="600" status="PASS">
          <params>
            <param index="0">
              <value>
                <![CDATA[org.testng.TestRunner@5484117b]]>
              </value>
            </param>
          </params>
          <reporter-output>
          </reporter-output>
        </test-method> <!-- deleteuser -->
        <test-method signature="getallUsers()[pri:4, instance:api.test.Usertest@2eae8e6e]" started-at="2024-09-29T16:51:38 IST" name="getallUsers" finished-at="2024-09-29T16:51:38 IST" duration-ms="280" status="PASS">
          <reporter-output>
          </reporter-output>
        </test-method> <!-- getallUsers -->
      </class> <!-- api.test.Usertest -->
    </test> <!-- Default test -->
  </suite> <!-- Default suite -->
</testng-results>
